<?xml version="1.0" encoding="UTF-8"?>
<!-- Generated by org.testng.reporters.JUnitReportReporter -->
<testsuite hostname="fedora16" name="jml.javax.safetycritical.RelativeTime_JML_Test" tests="320" failures="10" timestamp="17 Jun 2013 07:09:04 GMT" time="0.426" errors="0">
  <testcase name="test_subtract__RelativeTime_time__RelativeTime_dest__50" time="0.000" classname="jml.javax.safetycritical.RelativeTime_JML_Test"/>
  <testcase name="test_subtract__RelativeTime_time__RelativeTime_dest__50" time="0.001" classname="jml.javax.safetycritical.RelativeTime_JML_Test"/>
  <testcase name="test_add__long_millis__int_nanos__RelativeTime_dest__25" time="0.000" classname="jml.javax.safetycritical.RelativeTime_JML_Test"/>
  <testcase name="test_subtract__RelativeTime_time__25" time="0.002" classname="jml.javax.safetycritical.RelativeTime_JML_Test">
    <failure type="org.jmlspecs.jmlunitng.testng.PreconditionSkipException" message="
By method RelativeTime.subtract
Regarding specifications at
  File &quot;src/jml/javax/safetycritical/RelativeTime.java&quot;, line 246, character 16
">
      <![CDATA[org.jmlspecs.jmlunitng.testng.PreconditionSkipException: 
By method RelativeTime.subtract
Regarding specifications at
  File "src/jml/javax/safetycritical/RelativeTime.java", line 246, character 16

	at jml.javax.safetycritical.RelativeTime_JML_Test.test_subtract__RelativeTime_time__25(RelativeTime_JML_Test.java:281)
	at sun.reflect.NativeMethodAccessorImpl.invoke0(Native Method)
	at sun.reflect.NativeMethodAccessorImpl.invoke(NativeMethodAccessorImpl.java:57)
	at sun.reflect.DelegatingMethodAccessorImpl.invoke(DelegatingMethodAccessorImpl.java:43)
	at java.lang.reflect.Method.invoke(Method.java:601)
	at org.testng.internal.MethodInvocationHelper.invokeMethod(MethodInvocationHelper.java:80)
	at org.testng.internal.Invoker.invokeMethod(Invoker.java:714)
	at org.testng.internal.Invoker.invokeTestMethod(Invoker.java:901)
	at org.testng.internal.Invoker.invokeTestMethods(Invoker.java:1231)
	at org.testng.internal.TestMethodWorker.invokeTestMethods(TestMethodWorker.java:128)
	at org.testng.internal.TestMethodWorker.run(TestMethodWorker.java:111)
	at org.testng.TestRunner.privateRun(TestRunner.java:767)
	at org.testng.TestRunner.run(TestRunner.java:617)
	at org.testng.SuiteRunner.runTest(SuiteRunner.java:334)
	at org.testng.SuiteRunner.runSequentially(SuiteRunner.java:329)
	at org.testng.SuiteRunner.privateRun(SuiteRunner.java:291)
	at org.testng.SuiteRunner.run(SuiteRunner.java:240)
	at org.testng.SuiteRunnerWorker.runSuite(SuiteRunnerWorker.java:52)
	at org.testng.SuiteRunnerWorker.run(SuiteRunnerWorker.java:86)
	at org.testng.TestNG.runSuitesSequentially(TestNG.java:1203)
	at org.testng.TestNG.runSuitesLocally(TestNG.java:1128)
	at org.testng.TestNG.run(TestNG.java:1036)
	at org.testng.remote.RemoteTestNG.run(RemoteTestNG.java:111)
	at org.testng.remote.RemoteTestNG.initAndRun(RemoteTestNG.java:204)
	at org.testng.remote.RemoteTestNG.main(RemoteTestNG.java:175)
]]>
    </failure>
  </testcase> <!-- test_subtract__RelativeTime_time__25 -->
  <testcase name="test_add__long_millis__int_nanos__RelativeTime_dest__25" time="0.000" classname="jml.javax.safetycritical.RelativeTime_JML_Test"/>
  <testcase name="test_add__long_millis__int_nanos__RelativeTime_dest__25" time="0.000" classname="jml.javax.safetycritical.RelativeTime_JML_Test"/>
  <testcase name="test_add__long_millis__int_nanos__0" time="0.001" classname="jml.javax.safetycritical.RelativeTime_JML_Test"/>
  <testcase name="test_add__long_millis__int_nanos__RelativeTime_dest__25" time="0.003" classname="jml.javax.safetycritical.RelativeTime_JML_Test"/>
  <testcase name="test_add__RelativeTime_time__RelativeTime_dest__50" time="0.002" classname="jml.javax.safetycritical.RelativeTime_JML_Test"/>
  <testcase name="test_add__long_millis__int_nanos__0" time="0.000" classname="jml.javax.safetycritical.RelativeTime_JML_Test"/>
  <testcase name="test_add__RelativeTime_time__RelativeTime_dest__50" time="0.001" classname="jml.javax.safetycritical.RelativeTime_JML_Test"/>
  <testcase name="test_subtract__RelativeTime_time__RelativeTime_dest__50" time="0.000" classname="jml.javax.safetycritical.RelativeTime_JML_Test"/>
  <testcase name="test_subtract__RelativeTime_time__25" time="0.003" classname="jml.javax.safetycritical.RelativeTime_JML_Test"/>
  <testcase name="test_RelativeTime__long_millis__int_nanos__0" time="0.000" classname="jml.javax.safetycritical.RelativeTime_JML_Test"/>
  <testcase name="test_add__RelativeTime_time__25" time="0.000" classname="jml.javax.safetycritical.RelativeTime_JML_Test"/>
  <testcase name="test_subtract__RelativeTime_time__25" time="0.000" classname="jml.javax.safetycritical.RelativeTime_JML_Test"/>
  <testcase name="test_add__RelativeTime_time__RelativeTime_dest__50" time="0.001" classname="jml.javax.safetycritical.RelativeTime_JML_Test"/>
  <testcase name="test_add__long_millis__int_nanos__RelativeTime_dest__25" time="0.000" classname="jml.javax.safetycritical.RelativeTime_JML_Test"/>
  <testcase name="test_add__long_millis__int_nanos__RelativeTime_dest__25" time="0.000" classname="jml.javax.safetycritical.RelativeTime_JML_Test"/>
  <testcase name="test_add__long_millis__int_nanos__RelativeTime_dest__25" time="0.001" classname="jml.javax.safetycritical.RelativeTime_JML_Test"/>
  <testcase name="test_add__long_millis__int_nanos__RelativeTime_dest__25" time="0.001" classname="jml.javax.safetycritical.RelativeTime_JML_Test"/>
  <testcase name="test_add__long_millis__int_nanos__0" time="0.003" classname="jml.javax.safetycritical.RelativeTime_JML_Test"/>
  <testcase name="test_add__long_millis__int_nanos__RelativeTime_dest__25" time="0.000" classname="jml.javax.safetycritical.RelativeTime_JML_Test"/>
  <testcase name="test_subtract__RelativeTime_time__RelativeTime_dest__50" time="0.003" classname="jml.javax.safetycritical.RelativeTime_JML_Test"/>
  <testcase name="test_add__long_millis__int_nanos__0" time="0.000" classname="jml.javax.safetycritical.RelativeTime_JML_Test"/>
  <testcase name="test_subtract__RelativeTime_time__RelativeTime_dest__50" time="0.003" classname="jml.javax.safetycritical.RelativeTime_JML_Test"/>
  <testcase name="test_add__long_millis__int_nanos__RelativeTime_dest__25" time="0.002" classname="jml.javax.safetycritical.RelativeTime_JML_Test"/>
  <testcase name="test_subtract__RelativeTime_time__RelativeTime_dest__50" time="0.003" classname="jml.javax.safetycritical.RelativeTime_JML_Test"/>
  <testcase name="test_add__long_millis__int_nanos__RelativeTime_dest__25" time="0.001" classname="jml.javax.safetycritical.RelativeTime_JML_Test"/>
  <testcase name="test_subtract__RelativeTime_time__25" time="0.000" classname="jml.javax.safetycritical.RelativeTime_JML_Test"/>
  <testcase name="test_add__RelativeTime_time__25" time="0.000" classname="jml.javax.safetycritical.RelativeTime_JML_Test"/>
  <testcase name="test_add__long_millis__int_nanos__RelativeTime_dest__25" time="0.000" classname="jml.javax.safetycritical.RelativeTime_JML_Test"/>
  <testcase name="test_add__long_millis__int_nanos__RelativeTime_dest__25" time="0.000" classname="jml.javax.safetycritical.RelativeTime_JML_Test"/>
  <testcase name="test_subtract__RelativeTime_time__RelativeTime_dest__50" time="0.000" classname="jml.javax.safetycritical.RelativeTime_JML_Test"/>
  <testcase name="test_add__long_millis__int_nanos__0" time="0.007" classname="jml.javax.safetycritical.RelativeTime_JML_Test"/>
  <testcase name="test_subtract__RelativeTime_time__RelativeTime_dest__50" time="0.003" classname="jml.javax.safetycritical.RelativeTime_JML_Test"/>
  <testcase name="test_add__long_millis__int_nanos__RelativeTime_dest__25" time="0.001" classname="jml.javax.safetycritical.RelativeTime_JML_Test"/>
  <testcase name="test_add__RelativeTime_time__25" time="0.002" classname="jml.javax.safetycritical.RelativeTime_JML_Test"/>
  <testcase name="test_add__long_millis__int_nanos__0" time="0.000" classname="jml.javax.safetycritical.RelativeTime_JML_Test"/>
  <testcase name="test_add__RelativeTime_time__25" time="0.000" classname="jml.javax.safetycritical.RelativeTime_JML_Test"/>
  <testcase name="test_subtract__RelativeTime_time__RelativeTime_dest__50" time="0.000" classname="jml.javax.safetycritical.RelativeTime_JML_Test"/>
  <testcase name="test_add__long_millis__int_nanos__0" time="0.003" classname="jml.javax.safetycritical.RelativeTime_JML_Test"/>
  <testcase name="test_add__long_millis__int_nanos__RelativeTime_dest__25" time="0.001" classname="jml.javax.safetycritical.RelativeTime_JML_Test"/>
  <testcase name="test_add__long_millis__int_nanos__RelativeTime_dest__25" time="0.001" classname="jml.javax.safetycritical.RelativeTime_JML_Test"/>
  <testcase name="test_add__long_millis__int_nanos__RelativeTime_dest__25" time="0.001" classname="jml.javax.safetycritical.RelativeTime_JML_Test"/>
  <testcase name="test_add__long_millis__int_nanos__RelativeTime_dest__25" time="0.002" classname="jml.javax.safetycritical.RelativeTime_JML_Test"/>
  <testcase name="test_add__long_millis__int_nanos__RelativeTime_dest__25" time="0.001" classname="jml.javax.safetycritical.RelativeTime_JML_Test"/>
  <testcase name="test_add__long_millis__int_nanos__0" time="0.002" classname="jml.javax.safetycritical.RelativeTime_JML_Test"/>
  <testcase name="test_add__long_millis__int_nanos__RelativeTime_dest__25" time="0.002" classname="jml.javax.safetycritical.RelativeTime_JML_Test"/>
  <testcase name="test_add__long_millis__int_nanos__RelativeTime_dest__25" time="0.003" classname="jml.javax.safetycritical.RelativeTime_JML_Test"/>
  <testcase name="test_add__long_millis__int_nanos__RelativeTime_dest__25" time="0.000" classname="jml.javax.safetycritical.RelativeTime_JML_Test"/>
  <testcase name="test_subtract__RelativeTime_time__RelativeTime_dest__50" time="0.000" classname="jml.javax.safetycritical.RelativeTime_JML_Test"/>
  <testcase name="test_add__long_millis__int_nanos__RelativeTime_dest__25" time="0.000" classname="jml.javax.safetycritical.RelativeTime_JML_Test"/>
  <testcase name="test_add__long_millis__int_nanos__RelativeTime_dest__25" time="0.001" classname="jml.javax.safetycritical.RelativeTime_JML_Test"/>
  <testcase name="test_add__long_millis__int_nanos__RelativeTime_dest__25" time="0.000" classname="jml.javax.safetycritical.RelativeTime_JML_Test"/>
  <testcase name="test_add__long_millis__int_nanos__RelativeTime_dest__25" time="0.001" classname="jml.javax.safetycritical.RelativeTime_JML_Test"/>
  <testcase name="test_add__RelativeTime_time__RelativeTime_dest__50" time="0.000" classname="jml.javax.safetycritical.RelativeTime_JML_Test"/>
  <testcase name="test_add__long_millis__int_nanos__0" time="0.001" classname="jml.javax.safetycritical.RelativeTime_JML_Test"/>
  <testcase name="test_add__long_millis__int_nanos__RelativeTime_dest__25" time="0.000" classname="jml.javax.safetycritical.RelativeTime_JML_Test"/>
  <testcase name="test_add__long_millis__int_nanos__RelativeTime_dest__25" time="0.000" classname="jml.javax.safetycritical.RelativeTime_JML_Test"/>
  <testcase name="test_add__long_millis__int_nanos__RelativeTime_dest__25" time="0.003" classname="jml.javax.safetycritical.RelativeTime_JML_Test"/>
  <testcase name="test_subtract__RelativeTime_time__25" time="0.002" classname="jml.javax.safetycritical.RelativeTime_JML_Test">
    <failure type="org.jmlspecs.jmlunitng.testng.PreconditionSkipException" message="
By method RelativeTime.subtract
Regarding specifications at
  File &quot;src/jml/javax/safetycritical/RelativeTime.java&quot;, line 246, character 16
">
      <![CDATA[org.jmlspecs.jmlunitng.testng.PreconditionSkipException: 
By method RelativeTime.subtract
Regarding specifications at
  File "src/jml/javax/safetycritical/RelativeTime.java", line 246, character 16

	at jml.javax.safetycritical.RelativeTime_JML_Test.test_subtract__RelativeTime_time__25(RelativeTime_JML_Test.java:281)
	at sun.reflect.NativeMethodAccessorImpl.invoke0(Native Method)
	at sun.reflect.NativeMethodAccessorImpl.invoke(NativeMethodAccessorImpl.java:57)
	at sun.reflect.DelegatingMethodAccessorImpl.invoke(DelegatingMethodAccessorImpl.java:43)
	at java.lang.reflect.Method.invoke(Method.java:601)
	at org.testng.internal.MethodInvocationHelper.invokeMethod(MethodInvocationHelper.java:80)
	at org.testng.internal.Invoker.invokeMethod(Invoker.java:714)
	at org.testng.internal.Invoker.invokeTestMethod(Invoker.java:901)
	at org.testng.internal.Invoker.invokeTestMethods(Invoker.java:1231)
	at org.testng.internal.TestMethodWorker.invokeTestMethods(TestMethodWorker.java:128)
	at org.testng.internal.TestMethodWorker.run(TestMethodWorker.java:111)
	at org.testng.TestRunner.privateRun(TestRunner.java:767)
	at org.testng.TestRunner.run(TestRunner.java:617)
	at org.testng.SuiteRunner.runTest(SuiteRunner.java:334)
	at org.testng.SuiteRunner.runSequentially(SuiteRunner.java:329)
	at org.testng.SuiteRunner.privateRun(SuiteRunner.java:291)
	at org.testng.SuiteRunner.run(SuiteRunner.java:240)
	at org.testng.SuiteRunnerWorker.runSuite(SuiteRunnerWorker.java:52)
	at org.testng.SuiteRunnerWorker.run(SuiteRunnerWorker.java:86)
	at org.testng.TestNG.runSuitesSequentially(TestNG.java:1203)
	at org.testng.TestNG.runSuitesLocally(TestNG.java:1128)
	at org.testng.TestNG.run(TestNG.java:1036)
	at org.testng.remote.RemoteTestNG.run(RemoteTestNG.java:111)
	at org.testng.remote.RemoteTestNG.initAndRun(RemoteTestNG.java:204)
	at org.testng.remote.RemoteTestNG.main(RemoteTestNG.java:175)
]]>
    </failure>
  </testcase> <!-- test_subtract__RelativeTime_time__25 -->
  <testcase name="test_add__long_millis__int_nanos__RelativeTime_dest__25" time="0.000" classname="jml.javax.safetycritical.RelativeTime_JML_Test"/>
  <testcase name="test_add__RelativeTime_time__RelativeTime_dest__50" time="0.001" classname="jml.javax.safetycritical.RelativeTime_JML_Test"/>
  <testcase name="test_add__RelativeTime_time__RelativeTime_dest__50" time="0.000" classname="jml.javax.safetycritical.RelativeTime_JML_Test"/>
  <testcase name="test_add__long_millis__int_nanos__RelativeTime_dest__25" time="0.004" classname="jml.javax.safetycritical.RelativeTime_JML_Test"/>
  <testcase name="test_add__RelativeTime_time__RelativeTime_dest__50" time="0.000" classname="jml.javax.safetycritical.RelativeTime_JML_Test"/>
  <testcase name="test_add__RelativeTime_time__RelativeTime_dest__50" time="0.001" classname="jml.javax.safetycritical.RelativeTime_JML_Test"/>
  <testcase name="test_add__RelativeTime_time__RelativeTime_dest__50" time="0.007" classname="jml.javax.safetycritical.RelativeTime_JML_Test"/>
  <testcase name="test_RelativeTime__Clock_clock__25" time="0.000" classname="jml.javax.safetycritical.RelativeTime_JML_Test"/>
  <testcase name="test_subtract__RelativeTime_time__RelativeTime_dest__50" time="0.000" classname="jml.javax.safetycritical.RelativeTime_JML_Test"/>
  <testcase name="test_add__long_millis__int_nanos__RelativeTime_dest__25" time="0.001" classname="jml.javax.safetycritical.RelativeTime_JML_Test"/>
  <testcase name="test_add__RelativeTime_time__RelativeTime_dest__50" time="0.002" classname="jml.javax.safetycritical.RelativeTime_JML_Test"/>
  <testcase name="test_add__RelativeTime_time__RelativeTime_dest__50" time="0.000" classname="jml.javax.safetycritical.RelativeTime_JML_Test"/>
  <testcase name="test_add__long_millis__int_nanos__RelativeTime_dest__25" time="0.003" classname="jml.javax.safetycritical.RelativeTime_JML_Test"/>
  <testcase name="test_add__RelativeTime_time__25" time="0.000" classname="jml.javax.safetycritical.RelativeTime_JML_Test"/>
  <testcase name="test_add__long_millis__int_nanos__RelativeTime_dest__25" time="0.000" classname="jml.javax.safetycritical.RelativeTime_JML_Test"/>
  <testcase name="test_subtract__RelativeTime_time__25" time="0.000" classname="jml.javax.safetycritical.RelativeTime_JML_Test"/>
  <testcase name="test_add__RelativeTime_time__25" time="0.000" classname="jml.javax.safetycritical.RelativeTime_JML_Test"/>
  <testcase name="test_add__RelativeTime_time__25" time="0.000" classname="jml.javax.safetycritical.RelativeTime_JML_Test"/>
  <testcase name="test_add__long_millis__int_nanos__RelativeTime_dest__25" time="0.000" classname="jml.javax.safetycritical.RelativeTime_JML_Test"/>
  <testcase name="test_add__long_millis__int_nanos__RelativeTime_dest__25" time="0.001" classname="jml.javax.safetycritical.RelativeTime_JML_Test"/>
  <testcase name="test_racEnabled" time="0.058" classname="jml.javax.safetycritical.RelativeTime_JML_Test"/>
  <testcase name="test_subtract__RelativeTime_time__RelativeTime_dest__50" time="0.000" classname="jml.javax.safetycritical.RelativeTime_JML_Test"/>
  <testcase name="test_add__long_millis__int_nanos__RelativeTime_dest__25" time="0.000" classname="jml.javax.safetycritical.RelativeTime_JML_Test"/>
  <testcase name="test_subtract__RelativeTime_time__RelativeTime_dest__50" time="0.000" classname="jml.javax.safetycritical.RelativeTime_JML_Test"/>
  <testcase name="test_add__long_millis__int_nanos__RelativeTime_dest__25" time="0.000" classname="jml.javax.safetycritical.RelativeTime_JML_Test"/>
  <testcase name="test_add__long_millis__int_nanos__0" time="0.001" classname="jml.javax.safetycritical.RelativeTime_JML_Test"/>
  <testcase name="test_add__long_millis__int_nanos__RelativeTime_dest__25" time="0.000" classname="jml.javax.safetycritical.RelativeTime_JML_Test"/>
  <testcase name="test_add__long_millis__int_nanos__RelativeTime_dest__25" time="0.000" classname="jml.javax.safetycritical.RelativeTime_JML_Test"/>
  <testcase name="test_subtract__RelativeTime_time__RelativeTime_dest__50" time="0.000" classname="jml.javax.safetycritical.RelativeTime_JML_Test"/>
  <testcase name="test_add__long_millis__int_nanos__RelativeTime_dest__25" time="0.003" classname="jml.javax.safetycritical.RelativeTime_JML_Test"/>
  <testcase name="test_subtract__RelativeTime_time__RelativeTime_dest__50" time="0.000" classname="jml.javax.safetycritical.RelativeTime_JML_Test"/>
  <testcase name="test_RelativeTime__long_millis__int_nanos__0" time="0.003" classname="jml.javax.safetycritical.RelativeTime_JML_Test"/>
  <testcase name="test_add__long_millis__int_nanos__RelativeTime_dest__25" time="0.001" classname="jml.javax.safetycritical.RelativeTime_JML_Test"/>
  <testcase name="test_add__long_millis__int_nanos__0" time="0.001" classname="jml.javax.safetycritical.RelativeTime_JML_Test"/>
  <testcase name="test_add__long_millis__int_nanos__RelativeTime_dest__25" time="0.000" classname="jml.javax.safetycritical.RelativeTime_JML_Test"/>
  <testcase name="test_subtract__RelativeTime_time__25" time="0.001" classname="jml.javax.safetycritical.RelativeTime_JML_Test">
    <failure type="org.jmlspecs.jmlunitng.testng.PreconditionSkipException" message="
By method RelativeTime.subtract
Regarding specifications at
  File &quot;src/jml/javax/safetycritical/RelativeTime.java&quot;, line 246, character 16
">
      <![CDATA[org.jmlspecs.jmlunitng.testng.PreconditionSkipException: 
By method RelativeTime.subtract
Regarding specifications at
  File "src/jml/javax/safetycritical/RelativeTime.java", line 246, character 16

	at jml.javax.safetycritical.RelativeTime_JML_Test.test_subtract__RelativeTime_time__25(RelativeTime_JML_Test.java:281)
	at sun.reflect.NativeMethodAccessorImpl.invoke0(Native Method)
	at sun.reflect.NativeMethodAccessorImpl.invoke(NativeMethodAccessorImpl.java:57)
	at sun.reflect.DelegatingMethodAccessorImpl.invoke(DelegatingMethodAccessorImpl.java:43)
	at java.lang.reflect.Method.invoke(Method.java:601)
	at org.testng.internal.MethodInvocationHelper.invokeMethod(MethodInvocationHelper.java:80)
	at org.testng.internal.Invoker.invokeMethod(Invoker.java:714)
	at org.testng.internal.Invoker.invokeTestMethod(Invoker.java:901)
	at org.testng.internal.Invoker.invokeTestMethods(Invoker.java:1231)
	at org.testng.internal.TestMethodWorker.invokeTestMethods(TestMethodWorker.java:128)
	at org.testng.internal.TestMethodWorker.run(TestMethodWorker.java:111)
	at org.testng.TestRunner.privateRun(TestRunner.java:767)
	at org.testng.TestRunner.run(TestRunner.java:617)
	at org.testng.SuiteRunner.runTest(SuiteRunner.java:334)
	at org.testng.SuiteRunner.runSequentially(SuiteRunner.java:329)
	at org.testng.SuiteRunner.privateRun(SuiteRunner.java:291)
	at org.testng.SuiteRunner.run(SuiteRunner.java:240)
	at org.testng.SuiteRunnerWorker.runSuite(SuiteRunnerWorker.java:52)
	at org.testng.SuiteRunnerWorker.run(SuiteRunnerWorker.java:86)
	at org.testng.TestNG.runSuitesSequentially(TestNG.java:1203)
	at org.testng.TestNG.runSuitesLocally(TestNG.java:1128)
	at org.testng.TestNG.run(TestNG.java:1036)
	at org.testng.remote.RemoteTestNG.run(RemoteTestNG.java:111)
	at org.testng.remote.RemoteTestNG.initAndRun(RemoteTestNG.java:204)
	at org.testng.remote.RemoteTestNG.main(RemoteTestNG.java:175)
]]>
    </failure>
  </testcase> <!-- test_subtract__RelativeTime_time__25 -->
  <testcase name="test_add__long_millis__int_nanos__0" time="0.000" classname="jml.javax.safetycritical.RelativeTime_JML_Test"/>
  <testcase name="test_add__long_millis__int_nanos__RelativeTime_dest__25" time="0.003" classname="jml.javax.safetycritical.RelativeTime_JML_Test"/>
  <testcase name="test_add__long_millis__int_nanos__RelativeTime_dest__25" time="0.001" classname="jml.javax.safetycritical.RelativeTime_JML_Test"/>
  <testcase name="test_subtract__RelativeTime_time__RelativeTime_dest__50" time="0.000" classname="jml.javax.safetycritical.RelativeTime_JML_Test"/>
  <testcase name="test_RelativeTime__long_millis__int_nanos__0" time="0.000" classname="jml.javax.safetycritical.RelativeTime_JML_Test"/>
  <testcase name="test_add__long_millis__int_nanos__0" time="0.003" classname="jml.javax.safetycritical.RelativeTime_JML_Test"/>
  <testcase name="test_add__long_millis__int_nanos__RelativeTime_dest__25" time="0.000" classname="jml.javax.safetycritical.RelativeTime_JML_Test"/>
  <testcase name="test_add__RelativeTime_time__RelativeTime_dest__50" time="0.000" classname="jml.javax.safetycritical.RelativeTime_JML_Test"/>
  <testcase name="test_subtract__RelativeTime_time__RelativeTime_dest__50" time="0.001" classname="jml.javax.safetycritical.RelativeTime_JML_Test"/>
  <testcase name="test_add__long_millis__int_nanos__0" time="0.009" classname="jml.javax.safetycritical.RelativeTime_JML_Test"/>
  <testcase name="test_subtract__RelativeTime_time__25" time="0.001" classname="jml.javax.safetycritical.RelativeTime_JML_Test"/>
  <testcase name="test_add__RelativeTime_time__RelativeTime_dest__50" time="0.000" classname="jml.javax.safetycritical.RelativeTime_JML_Test"/>
  <testcase name="test_add__long_millis__int_nanos__RelativeTime_dest__25" time="0.000" classname="jml.javax.safetycritical.RelativeTime_JML_Test"/>
  <testcase name="test_add__long_millis__int_nanos__RelativeTime_dest__25" time="0.004" classname="jml.javax.safetycritical.RelativeTime_JML_Test"/>
  <testcase name="test_add__long_millis__int_nanos__RelativeTime_dest__25" time="0.003" classname="jml.javax.safetycritical.RelativeTime_JML_Test"/>
  <testcase name="test_add__RelativeTime_time__25" time="0.000" classname="jml.javax.safetycritical.RelativeTime_JML_Test"/>
  <testcase name="test_RelativeTime__long_millis__int_nanos__Clock_clock__25" time="0.003" classname="jml.javax.safetycritical.RelativeTime_JML_Test"/>
  <testcase name="test_RelativeTime__long_millis__int_nanos__0" time="0.000" classname="jml.javax.safetycritical.RelativeTime_JML_Test"/>
  <testcase name="test_subtract__RelativeTime_time__RelativeTime_dest__50" time="0.001" classname="jml.javax.safetycritical.RelativeTime_JML_Test"/>
  <testcase name="test_subtract__RelativeTime_time__25" time="0.000" classname="jml.javax.safetycritical.RelativeTime_JML_Test">
    <failure type="org.jmlspecs.jmlunitng.testng.PreconditionSkipException" message="
By method RelativeTime.subtract
Regarding specifications at
  File &quot;src/jml/javax/safetycritical/RelativeTime.java&quot;, line 246, character 16
">
      <![CDATA[org.jmlspecs.jmlunitng.testng.PreconditionSkipException: 
By method RelativeTime.subtract
Regarding specifications at
  File "src/jml/javax/safetycritical/RelativeTime.java", line 246, character 16

	at jml.javax.safetycritical.RelativeTime_JML_Test.test_subtract__RelativeTime_time__25(RelativeTime_JML_Test.java:281)
	at sun.reflect.NativeMethodAccessorImpl.invoke0(Native Method)
	at sun.reflect.NativeMethodAccessorImpl.invoke(NativeMethodAccessorImpl.java:57)
	at sun.reflect.DelegatingMethodAccessorImpl.invoke(DelegatingMethodAccessorImpl.java:43)
	at java.lang.reflect.Method.invoke(Method.java:601)
	at org.testng.internal.MethodInvocationHelper.invokeMethod(MethodInvocationHelper.java:80)
	at org.testng.internal.Invoker.invokeMethod(Invoker.java:714)
	at org.testng.internal.Invoker.invokeTestMethod(Invoker.java:901)
	at org.testng.internal.Invoker.invokeTestMethods(Invoker.java:1231)
	at org.testng.internal.TestMethodWorker.invokeTestMethods(TestMethodWorker.java:128)
	at org.testng.internal.TestMethodWorker.run(TestMethodWorker.java:111)
	at org.testng.TestRunner.privateRun(TestRunner.java:767)
	at org.testng.TestRunner.run(TestRunner.java:617)
	at org.testng.SuiteRunner.runTest(SuiteRunner.java:334)
	at org.testng.SuiteRunner.runSequentially(SuiteRunner.java:329)
	at org.testng.SuiteRunner.privateRun(SuiteRunner.java:291)
	at org.testng.SuiteRunner.run(SuiteRunner.java:240)
	at org.testng.SuiteRunnerWorker.runSuite(SuiteRunnerWorker.java:52)
	at org.testng.SuiteRunnerWorker.run(SuiteRunnerWorker.java:86)
	at org.testng.TestNG.runSuitesSequentially(TestNG.java:1203)
	at org.testng.TestNG.runSuitesLocally(TestNG.java:1128)
	at org.testng.TestNG.run(TestNG.java:1036)
	at org.testng.remote.RemoteTestNG.run(RemoteTestNG.java:111)
	at org.testng.remote.RemoteTestNG.initAndRun(RemoteTestNG.java:204)
	at org.testng.remote.RemoteTestNG.main(RemoteTestNG.java:175)
]]>
    </failure>
  </testcase> <!-- test_subtract__RelativeTime_time__25 -->
  <testcase name="test_add__RelativeTime_time__RelativeTime_dest__50" time="0.001" classname="jml.javax.safetycritical.RelativeTime_JML_Test"/>
  <testcase name="test_add__long_millis__int_nanos__RelativeTime_dest__25" time="0.004" classname="jml.javax.safetycritical.RelativeTime_JML_Test"/>
  <testcase name="test_add__long_millis__int_nanos__RelativeTime_dest__25" time="0.000" classname="jml.javax.safetycritical.RelativeTime_JML_Test"/>
  <testcase name="test_add__long_millis__int_nanos__0" time="0.000" classname="jml.javax.safetycritical.RelativeTime_JML_Test"/>
  <testcase name="test_subtract__RelativeTime_time__RelativeTime_dest__50" time="0.000" classname="jml.javax.safetycritical.RelativeTime_JML_Test"/>
  <testcase name="test_subtract__RelativeTime_time__RelativeTime_dest__50" time="0.001" classname="jml.javax.safetycritical.RelativeTime_JML_Test"/>
  <testcase name="test_add__long_millis__int_nanos__RelativeTime_dest__25" time="0.000" classname="jml.javax.safetycritical.RelativeTime_JML_Test"/>
  <testcase name="test_add__long_millis__int_nanos__RelativeTime_dest__25" time="0.000" classname="jml.javax.safetycritical.RelativeTime_JML_Test"/>
  <testcase name="test_add__RelativeTime_time__25" time="0.001" classname="jml.javax.safetycritical.RelativeTime_JML_Test"/>
  <testcase name="test_subtract__RelativeTime_time__25" time="0.000" classname="jml.javax.safetycritical.RelativeTime_JML_Test">
    <failure type="org.jmlspecs.jmlunitng.testng.PreconditionSkipException" message="
By method RelativeTime.subtract
Regarding specifications at
  File &quot;src/jml/javax/safetycritical/RelativeTime.java&quot;, line 246, character 16
">
      <![CDATA[org.jmlspecs.jmlunitng.testng.PreconditionSkipException: 
By method RelativeTime.subtract
Regarding specifications at
  File "src/jml/javax/safetycritical/RelativeTime.java", line 246, character 16

	at jml.javax.safetycritical.RelativeTime_JML_Test.test_subtract__RelativeTime_time__25(RelativeTime_JML_Test.java:281)
	at sun.reflect.NativeMethodAccessorImpl.invoke0(Native Method)
	at sun.reflect.NativeMethodAccessorImpl.invoke(NativeMethodAccessorImpl.java:57)
	at sun.reflect.DelegatingMethodAccessorImpl.invoke(DelegatingMethodAccessorImpl.java:43)
	at java.lang.reflect.Method.invoke(Method.java:601)
	at org.testng.internal.MethodInvocationHelper.invokeMethod(MethodInvocationHelper.java:80)
	at org.testng.internal.Invoker.invokeMethod(Invoker.java:714)
	at org.testng.internal.Invoker.invokeTestMethod(Invoker.java:901)
	at org.testng.internal.Invoker.invokeTestMethods(Invoker.java:1231)
	at org.testng.internal.TestMethodWorker.invokeTestMethods(TestMethodWorker.java:128)
	at org.testng.internal.TestMethodWorker.run(TestMethodWorker.java:111)
	at org.testng.TestRunner.privateRun(TestRunner.java:767)
	at org.testng.TestRunner.run(TestRunner.java:617)
	at org.testng.SuiteRunner.runTest(SuiteRunner.java:334)
	at org.testng.SuiteRunner.runSequentially(SuiteRunner.java:329)
	at org.testng.SuiteRunner.privateRun(SuiteRunner.java:291)
	at org.testng.SuiteRunner.run(SuiteRunner.java:240)
	at org.testng.SuiteRunnerWorker.runSuite(SuiteRunnerWorker.java:52)
	at org.testng.SuiteRunnerWorker.run(SuiteRunnerWorker.java:86)
	at org.testng.TestNG.runSuitesSequentially(TestNG.java:1203)
	at org.testng.TestNG.runSuitesLocally(TestNG.java:1128)
	at org.testng.TestNG.run(TestNG.java:1036)
	at org.testng.remote.RemoteTestNG.run(RemoteTestNG.java:111)
	at org.testng.remote.RemoteTestNG.initAndRun(RemoteTestNG.java:204)
	at org.testng.remote.RemoteTestNG.main(RemoteTestNG.java:175)
]]>
    </failure>
  </testcase> <!-- test_subtract__RelativeTime_time__25 -->
  <testcase name="test_subtract__RelativeTime_time__RelativeTime_dest__50" time="0.010" classname="jml.javax.safetycritical.RelativeTime_JML_Test"/>
  <testcase name="test_add__RelativeTime_time__25" time="0.000" classname="jml.javax.safetycritical.RelativeTime_JML_Test"/>
  <testcase name="test_add__long_millis__int_nanos__0" time="0.000" classname="jml.javax.safetycritical.RelativeTime_JML_Test"/>
  <testcase name="test_add__long_millis__int_nanos__RelativeTime_dest__25" time="0.000" classname="jml.javax.safetycritical.RelativeTime_JML_Test"/>
  <testcase name="test_add__RelativeTime_time__RelativeTime_dest__50" time="0.001" classname="jml.javax.safetycritical.RelativeTime_JML_Test"/>
  <testcase name="test_add__long_millis__int_nanos__RelativeTime_dest__25" time="0.002" classname="jml.javax.safetycritical.RelativeTime_JML_Test"/>
  <testcase name="test_subtract__RelativeTime_time__RelativeTime_dest__50" time="0.000" classname="jml.javax.safetycritical.RelativeTime_JML_Test"/>
  <testcase name="test_add__RelativeTime_time__RelativeTime_dest__50" time="0.000" classname="jml.javax.safetycritical.RelativeTime_JML_Test"/>
  <testcase name="test_RelativeTime__long_millis__int_nanos__Clock_clock__25" time="0.001" classname="jml.javax.safetycritical.RelativeTime_JML_Test"/>
  <testcase name="test_add__RelativeTime_time__RelativeTime_dest__50" time="0.001" classname="jml.javax.safetycritical.RelativeTime_JML_Test"/>
  <testcase name="test_add__long_millis__int_nanos__RelativeTime_dest__25" time="0.000" classname="jml.javax.safetycritical.RelativeTime_JML_Test"/>
  <testcase name="test_RelativeTime__Clock_clock__25" time="0.000" classname="jml.javax.safetycritical.RelativeTime_JML_Test"/>
  <testcase name="test_add__long_millis__int_nanos__RelativeTime_dest__25" time="0.004" classname="jml.javax.safetycritical.RelativeTime_JML_Test"/>
  <testcase name="test_add__RelativeTime_time__RelativeTime_dest__50" time="0.000" classname="jml.javax.safetycritical.RelativeTime_JML_Test"/>
  <testcase name="test_subtract__RelativeTime_time__RelativeTime_dest__50" time="0.000" classname="jml.javax.safetycritical.RelativeTime_JML_Test"/>
  <testcase name="test_add__long_millis__int_nanos__RelativeTime_dest__25" time="0.007" classname="jml.javax.safetycritical.RelativeTime_JML_Test"/>
  <testcase name="test_add__RelativeTime_time__RelativeTime_dest__50" time="0.002" classname="jml.javax.safetycritical.RelativeTime_JML_Test"/>
  <testcase name="test_add__RelativeTime_time__RelativeTime_dest__50" time="0.001" classname="jml.javax.safetycritical.RelativeTime_JML_Test"/>
  <testcase name="test_add__RelativeTime_time__RelativeTime_dest__50" time="0.000" classname="jml.javax.safetycritical.RelativeTime_JML_Test"/>
  <testcase name="test_subtract__RelativeTime_time__RelativeTime_dest__50" time="0.000" classname="jml.javax.safetycritical.RelativeTime_JML_Test"/>
  <testcase name="test_add__long_millis__int_nanos__RelativeTime_dest__25" time="0.002" classname="jml.javax.safetycritical.RelativeTime_JML_Test"/>
  <testcase name="test_add__long_millis__int_nanos__RelativeTime_dest__25" time="0.001" classname="jml.javax.safetycritical.RelativeTime_JML_Test"/>
  <testcase name="test_add__RelativeTime_time__RelativeTime_dest__50" time="0.000" classname="jml.javax.safetycritical.RelativeTime_JML_Test"/>
  <testcase name="test_add__long_millis__int_nanos__RelativeTime_dest__25" time="0.000" classname="jml.javax.safetycritical.RelativeTime_JML_Test"/>
  <testcase name="test_add__long_millis__int_nanos__RelativeTime_dest__25" time="0.000" classname="jml.javax.safetycritical.RelativeTime_JML_Test"/>
  <testcase name="test_add__long_millis__int_nanos__0" time="0.000" classname="jml.javax.safetycritical.RelativeTime_JML_Test"/>
  <testcase name="test_add__RelativeTime_time__25" time="0.010" classname="jml.javax.safetycritical.RelativeTime_JML_Test"/>
  <testcase name="test_subtract__RelativeTime_time__25" time="0.000" classname="jml.javax.safetycritical.RelativeTime_JML_Test"/>
  <testcase name="test_subtract__RelativeTime_time__RelativeTime_dest__50" time="0.004" classname="jml.javax.safetycritical.RelativeTime_JML_Test"/>
  <testcase name="test_add__RelativeTime_time__RelativeTime_dest__50" time="0.001" classname="jml.javax.safetycritical.RelativeTime_JML_Test"/>
  <testcase name="test_subtract__RelativeTime_time__RelativeTime_dest__50" time="0.002" classname="jml.javax.safetycritical.RelativeTime_JML_Test"/>
  <testcase name="test_add__long_millis__int_nanos__RelativeTime_dest__25" time="0.003" classname="jml.javax.safetycritical.RelativeTime_JML_Test"/>
  <testcase name="test_subtract__RelativeTime_time__RelativeTime_dest__50" time="0.000" classname="jml.javax.safetycritical.RelativeTime_JML_Test"/>
  <testcase name="test_RelativeTime__0" time="0.003" classname="jml.javax.safetycritical.RelativeTime_JML_Test"/>
  <testcase name="test_add__long_millis__int_nanos__RelativeTime_dest__25" time="0.006" classname="jml.javax.safetycritical.RelativeTime_JML_Test"/>
  <testcase name="test_add__RelativeTime_time__RelativeTime_dest__50" time="0.000" classname="jml.javax.safetycritical.RelativeTime_JML_Test"/>
  <testcase name="test_add__long_millis__int_nanos__0" time="0.002" classname="jml.javax.safetycritical.RelativeTime_JML_Test"/>
  <testcase name="test_add__long_millis__int_nanos__RelativeTime_dest__25" time="0.000" classname="jml.javax.safetycritical.RelativeTime_JML_Test"/>
  <testcase name="test_add__long_millis__int_nanos__RelativeTime_dest__25" time="0.001" classname="jml.javax.safetycritical.RelativeTime_JML_Test"/>
  <testcase name="test_subtract__RelativeTime_time__RelativeTime_dest__50" time="0.000" classname="jml.javax.safetycritical.RelativeTime_JML_Test"/>
  <testcase name="test_subtract__RelativeTime_time__25" time="0.000" classname="jml.javax.safetycritical.RelativeTime_JML_Test"/>
  <testcase name="test_subtract__RelativeTime_time__RelativeTime_dest__50" time="0.001" classname="jml.javax.safetycritical.RelativeTime_JML_Test"/>
  <testcase name="test_add__long_millis__int_nanos__0" time="0.007" classname="jml.javax.safetycritical.RelativeTime_JML_Test"/>
  <testcase name="test_add__RelativeTime_time__25" time="0.015" classname="jml.javax.safetycritical.RelativeTime_JML_Test"/>
  <testcase name="test_add__long_millis__int_nanos__RelativeTime_dest__25" time="0.002" classname="jml.javax.safetycritical.RelativeTime_JML_Test"/>
  <testcase name="test_subtract__RelativeTime_time__25" time="0.003" classname="jml.javax.safetycritical.RelativeTime_JML_Test">
    <failure type="org.jmlspecs.jmlunitng.testng.PreconditionSkipException" message="
By method RelativeTime.subtract
Regarding specifications at
  File &quot;src/jml/javax/safetycritical/RelativeTime.java&quot;, line 246, character 16
">
      <![CDATA[org.jmlspecs.jmlunitng.testng.PreconditionSkipException: 
By method RelativeTime.subtract
Regarding specifications at
  File "src/jml/javax/safetycritical/RelativeTime.java", line 246, character 16

	at jml.javax.safetycritical.RelativeTime_JML_Test.test_subtract__RelativeTime_time__25(RelativeTime_JML_Test.java:281)
	at sun.reflect.NativeMethodAccessorImpl.invoke0(Native Method)
	at sun.reflect.NativeMethodAccessorImpl.invoke(NativeMethodAccessorImpl.java:57)
	at sun.reflect.DelegatingMethodAccessorImpl.invoke(DelegatingMethodAccessorImpl.java:43)
	at java.lang.reflect.Method.invoke(Method.java:601)
	at org.testng.internal.MethodInvocationHelper.invokeMethod(MethodInvocationHelper.java:80)
	at org.testng.internal.Invoker.invokeMethod(Invoker.java:714)
	at org.testng.internal.Invoker.invokeTestMethod(Invoker.java:901)
	at org.testng.internal.Invoker.invokeTestMethods(Invoker.java:1231)
	at org.testng.internal.TestMethodWorker.invokeTestMethods(TestMethodWorker.java:128)
	at org.testng.internal.TestMethodWorker.run(TestMethodWorker.java:111)
	at org.testng.TestRunner.privateRun(TestRunner.java:767)
	at org.testng.TestRunner.run(TestRunner.java:617)
	at org.testng.SuiteRunner.runTest(SuiteRunner.java:334)
	at org.testng.SuiteRunner.runSequentially(SuiteRunner.java:329)
	at org.testng.SuiteRunner.privateRun(SuiteRunner.java:291)
	at org.testng.SuiteRunner.run(SuiteRunner.java:240)
	at org.testng.SuiteRunnerWorker.runSuite(SuiteRunnerWorker.java:52)
	at org.testng.SuiteRunnerWorker.run(SuiteRunnerWorker.java:86)
	at org.testng.TestNG.runSuitesSequentially(TestNG.java:1203)
	at org.testng.TestNG.runSuitesLocally(TestNG.java:1128)
	at org.testng.TestNG.run(TestNG.java:1036)
	at org.testng.remote.RemoteTestNG.run(RemoteTestNG.java:111)
	at org.testng.remote.RemoteTestNG.initAndRun(RemoteTestNG.java:204)
	at org.testng.remote.RemoteTestNG.main(RemoteTestNG.java:175)
]]>
    </failure>
  </testcase> <!-- test_subtract__RelativeTime_time__25 -->
  <testcase name="test_add__RelativeTime_time__25" time="0.000" classname="jml.javax.safetycritical.RelativeTime_JML_Test"/>
  <testcase name="test_subtract__RelativeTime_time__RelativeTime_dest__50" time="0.000" classname="jml.javax.safetycritical.RelativeTime_JML_Test"/>
  <testcase name="test_add__long_millis__int_nanos__RelativeTime_dest__25" time="0.000" classname="jml.javax.safetycritical.RelativeTime_JML_Test"/>
  <testcase name="test_add__long_millis__int_nanos__RelativeTime_dest__25" time="0.000" classname="jml.javax.safetycritical.RelativeTime_JML_Test"/>
  <testcase name="test_add__long_millis__int_nanos__0" time="0.000" classname="jml.javax.safetycritical.RelativeTime_JML_Test"/>
  <testcase name="test_add__RelativeTime_time__RelativeTime_dest__50" time="0.000" classname="jml.javax.safetycritical.RelativeTime_JML_Test"/>
  <testcase name="test_add__long_millis__int_nanos__RelativeTime_dest__25" time="0.000" classname="jml.javax.safetycritical.RelativeTime_JML_Test"/>
  <testcase name="test_add__long_millis__int_nanos__RelativeTime_dest__25" time="0.000" classname="jml.javax.safetycritical.RelativeTime_JML_Test"/>
  <testcase name="test_add__long_millis__int_nanos__RelativeTime_dest__25" time="0.000" classname="jml.javax.safetycritical.RelativeTime_JML_Test"/>
  <testcase name="test_add__long_millis__int_nanos__0" time="0.001" classname="jml.javax.safetycritical.RelativeTime_JML_Test"/>
  <testcase name="test_add__long_millis__int_nanos__RelativeTime_dest__25" time="0.000" classname="jml.javax.safetycritical.RelativeTime_JML_Test"/>
  <testcase name="test_subtract__RelativeTime_time__RelativeTime_dest__50" time="0.000" classname="jml.javax.safetycritical.RelativeTime_JML_Test"/>
  <testcase name="test_subtract__RelativeTime_time__RelativeTime_dest__50" time="0.000" classname="jml.javax.safetycritical.RelativeTime_JML_Test"/>
  <testcase name="test_add__long_millis__int_nanos__0" time="0.000" classname="jml.javax.safetycritical.RelativeTime_JML_Test"/>
  <testcase name="test_add__RelativeTime_time__RelativeTime_dest__50" time="0.000" classname="jml.javax.safetycritical.RelativeTime_JML_Test"/>
  <testcase name="test_add__RelativeTime_time__RelativeTime_dest__50" time="0.003" classname="jml.javax.safetycritical.RelativeTime_JML_Test"/>
  <testcase name="test_add__long_millis__int_nanos__RelativeTime_dest__25" time="0.001" classname="jml.javax.safetycritical.RelativeTime_JML_Test"/>
  <testcase name="test_add__RelativeTime_time__25" time="0.005" classname="jml.javax.safetycritical.RelativeTime_JML_Test"/>
  <testcase name="test_subtract__RelativeTime_time__RelativeTime_dest__50" time="0.001" classname="jml.javax.safetycritical.RelativeTime_JML_Test"/>
  <testcase name="test_add__long_millis__int_nanos__RelativeTime_dest__25" time="0.000" classname="jml.javax.safetycritical.RelativeTime_JML_Test"/>
  <testcase name="test_add__long_millis__int_nanos__0" time="0.000" classname="jml.javax.safetycritical.RelativeTime_JML_Test"/>
  <testcase name="test_add__long_millis__int_nanos__0" time="0.000" classname="jml.javax.safetycritical.RelativeTime_JML_Test"/>
  <testcase name="test_add__long_millis__int_nanos__0" time="0.000" classname="jml.javax.safetycritical.RelativeTime_JML_Test"/>
  <testcase name="test_add__long_millis__int_nanos__RelativeTime_dest__25" time="0.000" classname="jml.javax.safetycritical.RelativeTime_JML_Test"/>
  <testcase name="test_subtract__RelativeTime_time__RelativeTime_dest__50" time="0.000" classname="jml.javax.safetycritical.RelativeTime_JML_Test"/>
  <testcase name="test_add__long_millis__int_nanos__RelativeTime_dest__25" time="0.004" classname="jml.javax.safetycritical.RelativeTime_JML_Test"/>
  <testcase name="test_subtract__RelativeTime_time__25" time="0.000" classname="jml.javax.safetycritical.RelativeTime_JML_Test"/>
  <testcase name="test_add__long_millis__int_nanos__RelativeTime_dest__25" time="0.000" classname="jml.javax.safetycritical.RelativeTime_JML_Test"/>
  <testcase name="test_add__long_millis__int_nanos__RelativeTime_dest__25" time="0.001" classname="jml.javax.safetycritical.RelativeTime_JML_Test"/>
  <testcase name="test_add__long_millis__int_nanos__0" time="0.000" classname="jml.javax.safetycritical.RelativeTime_JML_Test"/>
  <testcase name="test_RelativeTime__RelativeTime_time__25" time="0.001" classname="jml.javax.safetycritical.RelativeTime_JML_Test"/>
  <testcase name="test_add__RelativeTime_time__RelativeTime_dest__50" time="0.000" classname="jml.javax.safetycritical.RelativeTime_JML_Test"/>
  <testcase name="test_add__long_millis__int_nanos__RelativeTime_dest__25" time="0.002" classname="jml.javax.safetycritical.RelativeTime_JML_Test"/>
  <testcase name="test_add__RelativeTime_time__25" time="0.000" classname="jml.javax.safetycritical.RelativeTime_JML_Test"/>
  <testcase name="test_add__long_millis__int_nanos__RelativeTime_dest__25" time="0.002" classname="jml.javax.safetycritical.RelativeTime_JML_Test"/>
  <testcase name="test_subtract__RelativeTime_time__25" time="0.000" classname="jml.javax.safetycritical.RelativeTime_JML_Test"/>
  <testcase name="test_subtract__RelativeTime_time__RelativeTime_dest__50" time="0.001" classname="jml.javax.safetycritical.RelativeTime_JML_Test"/>
  <testcase name="test_add__RelativeTime_time__25" time="0.002" classname="jml.javax.safetycritical.RelativeTime_JML_Test"/>
  <testcase name="test_add__long_millis__int_nanos__0" time="0.000" classname="jml.javax.safetycritical.RelativeTime_JML_Test"/>
  <testcase name="test_subtract__RelativeTime_time__RelativeTime_dest__50" time="0.000" classname="jml.javax.safetycritical.RelativeTime_JML_Test"/>
  <testcase name="test_add__long_millis__int_nanos__RelativeTime_dest__25" time="0.001" classname="jml.javax.safetycritical.RelativeTime_JML_Test"/>
  <testcase name="test_subtract__RelativeTime_time__RelativeTime_dest__50" time="0.001" classname="jml.javax.safetycritical.RelativeTime_JML_Test"/>
  <testcase name="test_add__long_millis__int_nanos__RelativeTime_dest__25" time="0.000" classname="jml.javax.safetycritical.RelativeTime_JML_Test"/>
  <testcase name="test_RelativeTime__RelativeTime_time__25" time="0.001" classname="jml.javax.safetycritical.RelativeTime_JML_Test"/>
  <testcase name="test_add__long_millis__int_nanos__0" time="0.001" classname="jml.javax.safetycritical.RelativeTime_JML_Test"/>
  <testcase name="test_add__long_millis__int_nanos__RelativeTime_dest__25" time="0.000" classname="jml.javax.safetycritical.RelativeTime_JML_Test"/>
  <testcase name="test_add__long_millis__int_nanos__RelativeTime_dest__25" time="0.000" classname="jml.javax.safetycritical.RelativeTime_JML_Test"/>
  <testcase name="test_subtract__RelativeTime_time__25" time="0.003" classname="jml.javax.safetycritical.RelativeTime_JML_Test"/>
  <testcase name="test_add__RelativeTime_time__RelativeTime_dest__50" time="0.000" classname="jml.javax.safetycritical.RelativeTime_JML_Test"/>
  <testcase name="test_subtract__RelativeTime_time__25" time="0.000" classname="jml.javax.safetycritical.RelativeTime_JML_Test">
    <failure type="org.jmlspecs.jmlunitng.testng.PreconditionSkipException" message="
By method RelativeTime.subtract
Regarding specifications at
  File &quot;src/jml/javax/safetycritical/RelativeTime.java&quot;, line 246, character 16
">
      <![CDATA[org.jmlspecs.jmlunitng.testng.PreconditionSkipException: 
By method RelativeTime.subtract
Regarding specifications at
  File "src/jml/javax/safetycritical/RelativeTime.java", line 246, character 16

	at jml.javax.safetycritical.RelativeTime_JML_Test.test_subtract__RelativeTime_time__25(RelativeTime_JML_Test.java:281)
	at sun.reflect.NativeMethodAccessorImpl.invoke0(Native Method)
	at sun.reflect.NativeMethodAccessorImpl.invoke(NativeMethodAccessorImpl.java:57)
	at sun.reflect.DelegatingMethodAccessorImpl.invoke(DelegatingMethodAccessorImpl.java:43)
	at java.lang.reflect.Method.invoke(Method.java:601)
	at org.testng.internal.MethodInvocationHelper.invokeMethod(MethodInvocationHelper.java:80)
	at org.testng.internal.Invoker.invokeMethod(Invoker.java:714)
	at org.testng.internal.Invoker.invokeTestMethod(Invoker.java:901)
	at org.testng.internal.Invoker.invokeTestMethods(Invoker.java:1231)
	at org.testng.internal.TestMethodWorker.invokeTestMethods(TestMethodWorker.java:128)
	at org.testng.internal.TestMethodWorker.run(TestMethodWorker.java:111)
	at org.testng.TestRunner.privateRun(TestRunner.java:767)
	at org.testng.TestRunner.run(TestRunner.java:617)
	at org.testng.SuiteRunner.runTest(SuiteRunner.java:334)
	at org.testng.SuiteRunner.runSequentially(SuiteRunner.java:329)
	at org.testng.SuiteRunner.privateRun(SuiteRunner.java:291)
	at org.testng.SuiteRunner.run(SuiteRunner.java:240)
	at org.testng.SuiteRunnerWorker.runSuite(SuiteRunnerWorker.java:52)
	at org.testng.SuiteRunnerWorker.run(SuiteRunnerWorker.java:86)
	at org.testng.TestNG.runSuitesSequentially(TestNG.java:1203)
	at org.testng.TestNG.runSuitesLocally(TestNG.java:1128)
	at org.testng.TestNG.run(TestNG.java:1036)
	at org.testng.remote.RemoteTestNG.run(RemoteTestNG.java:111)
	at org.testng.remote.RemoteTestNG.initAndRun(RemoteTestNG.java:204)
	at org.testng.remote.RemoteTestNG.main(RemoteTestNG.java:175)
]]>
    </failure>
  </testcase> <!-- test_subtract__RelativeTime_time__25 -->
  <testcase name="test_add__RelativeTime_time__RelativeTime_dest__50" time="0.001" classname="jml.javax.safetycritical.RelativeTime_JML_Test"/>
  <testcase name="test_add__long_millis__int_nanos__0" time="0.001" classname="jml.javax.safetycritical.RelativeTime_JML_Test"/>
  <testcase name="test_add__long_millis__int_nanos__RelativeTime_dest__25" time="0.000" classname="jml.javax.safetycritical.RelativeTime_JML_Test"/>
  <testcase name="test_add__RelativeTime_time__25" time="0.000" classname="jml.javax.safetycritical.RelativeTime_JML_Test"/>
  <testcase name="test_add__long_millis__int_nanos__RelativeTime_dest__25" time="0.002" classname="jml.javax.safetycritical.RelativeTime_JML_Test"/>
  <testcase name="test_add__long_millis__int_nanos__RelativeTime_dest__25" time="0.000" classname="jml.javax.safetycritical.RelativeTime_JML_Test"/>
  <testcase name="test_add__long_millis__int_nanos__0" time="0.001" classname="jml.javax.safetycritical.RelativeTime_JML_Test"/>
  <testcase name="test_add__long_millis__int_nanos__RelativeTime_dest__25" time="0.000" classname="jml.javax.safetycritical.RelativeTime_JML_Test"/>
  <testcase name="test_add__long_millis__int_nanos__RelativeTime_dest__25" time="0.002" classname="jml.javax.safetycritical.RelativeTime_JML_Test"/>
  <testcase name="test_add__long_millis__int_nanos__RelativeTime_dest__25" time="0.003" classname="jml.javax.safetycritical.RelativeTime_JML_Test"/>
  <testcase name="test_add__long_millis__int_nanos__RelativeTime_dest__25" time="0.003" classname="jml.javax.safetycritical.RelativeTime_JML_Test"/>
  <testcase name="test_add__long_millis__int_nanos__0" time="0.001" classname="jml.javax.safetycritical.RelativeTime_JML_Test"/>
  <testcase name="test_add__long_millis__int_nanos__RelativeTime_dest__25" time="0.000" classname="jml.javax.safetycritical.RelativeTime_JML_Test"/>
  <testcase name="test_add__long_millis__int_nanos__RelativeTime_dest__25" time="0.000" classname="jml.javax.safetycritical.RelativeTime_JML_Test"/>
  <testcase name="test_add__long_millis__int_nanos__RelativeTime_dest__25" time="0.003" classname="jml.javax.safetycritical.RelativeTime_JML_Test"/>
  <testcase name="test_add__long_millis__int_nanos__RelativeTime_dest__25" time="0.000" classname="jml.javax.safetycritical.RelativeTime_JML_Test"/>
  <testcase name="test_subtract__RelativeTime_time__RelativeTime_dest__50" time="0.000" classname="jml.javax.safetycritical.RelativeTime_JML_Test"/>
  <testcase name="test_add__long_millis__int_nanos__RelativeTime_dest__25" time="0.000" classname="jml.javax.safetycritical.RelativeTime_JML_Test"/>
  <testcase name="test_add__long_millis__int_nanos__RelativeTime_dest__25" time="0.000" classname="jml.javax.safetycritical.RelativeTime_JML_Test"/>
  <testcase name="test_subtract__RelativeTime_time__25" time="0.003" classname="jml.javax.safetycritical.RelativeTime_JML_Test"/>
  <testcase name="test_add__long_millis__int_nanos__0" time="0.002" classname="jml.javax.safetycritical.RelativeTime_JML_Test"/>
  <testcase name="test_add__long_millis__int_nanos__RelativeTime_dest__25" time="0.002" classname="jml.javax.safetycritical.RelativeTime_JML_Test"/>
  <testcase name="test_add__long_millis__int_nanos__RelativeTime_dest__25" time="0.001" classname="jml.javax.safetycritical.RelativeTime_JML_Test"/>
  <testcase name="test_add__RelativeTime_time__RelativeTime_dest__50" time="0.002" classname="jml.javax.safetycritical.RelativeTime_JML_Test"/>
  <testcase name="test_add__long_millis__int_nanos__0" time="0.000" classname="jml.javax.safetycritical.RelativeTime_JML_Test"/>
  <testcase name="test_subtract__RelativeTime_time__RelativeTime_dest__50" time="0.001" classname="jml.javax.safetycritical.RelativeTime_JML_Test"/>
  <testcase name="test_add__RelativeTime_time__RelativeTime_dest__50" time="0.001" classname="jml.javax.safetycritical.RelativeTime_JML_Test"/>
  <testcase name="test_subtract__RelativeTime_time__25" time="0.001" classname="jml.javax.safetycritical.RelativeTime_JML_Test"/>
  <testcase name="test_add__long_millis__int_nanos__RelativeTime_dest__25" time="0.000" classname="jml.javax.safetycritical.RelativeTime_JML_Test"/>
  <testcase name="test_add__long_millis__int_nanos__0" time="0.002" classname="jml.javax.safetycritical.RelativeTime_JML_Test"/>
  <testcase name="test_add__long_millis__int_nanos__RelativeTime_dest__25" time="0.000" classname="jml.javax.safetycritical.RelativeTime_JML_Test"/>
  <testcase name="test_add__long_millis__int_nanos__RelativeTime_dest__25" time="0.003" classname="jml.javax.safetycritical.RelativeTime_JML_Test"/>
  <testcase name="test_subtract__RelativeTime_time__25" time="0.001" classname="jml.javax.safetycritical.RelativeTime_JML_Test">
    <failure type="org.jmlspecs.jmlunitng.testng.PreconditionSkipException" message="
By method RelativeTime.subtract
Regarding specifications at
  File &quot;src/jml/javax/safetycritical/RelativeTime.java&quot;, line 246, character 16
">
      <![CDATA[org.jmlspecs.jmlunitng.testng.PreconditionSkipException: 
By method RelativeTime.subtract
Regarding specifications at
  File "src/jml/javax/safetycritical/RelativeTime.java", line 246, character 16

	at jml.javax.safetycritical.RelativeTime_JML_Test.test_subtract__RelativeTime_time__25(RelativeTime_JML_Test.java:281)
	at sun.reflect.NativeMethodAccessorImpl.invoke0(Native Method)
	at sun.reflect.NativeMethodAccessorImpl.invoke(NativeMethodAccessorImpl.java:57)
	at sun.reflect.DelegatingMethodAccessorImpl.invoke(DelegatingMethodAccessorImpl.java:43)
	at java.lang.reflect.Method.invoke(Method.java:601)
	at org.testng.internal.MethodInvocationHelper.invokeMethod(MethodInvocationHelper.java:80)
	at org.testng.internal.Invoker.invokeMethod(Invoker.java:714)
	at org.testng.internal.Invoker.invokeTestMethod(Invoker.java:901)
	at org.testng.internal.Invoker.invokeTestMethods(Invoker.java:1231)
	at org.testng.internal.TestMethodWorker.invokeTestMethods(TestMethodWorker.java:128)
	at org.testng.internal.TestMethodWorker.run(TestMethodWorker.java:111)
	at org.testng.TestRunner.privateRun(TestRunner.java:767)
	at org.testng.TestRunner.run(TestRunner.java:617)
	at org.testng.SuiteRunner.runTest(SuiteRunner.java:334)
	at org.testng.SuiteRunner.runSequentially(SuiteRunner.java:329)
	at org.testng.SuiteRunner.privateRun(SuiteRunner.java:291)
	at org.testng.SuiteRunner.run(SuiteRunner.java:240)
	at org.testng.SuiteRunnerWorker.runSuite(SuiteRunnerWorker.java:52)
	at org.testng.SuiteRunnerWorker.run(SuiteRunnerWorker.java:86)
	at org.testng.TestNG.runSuitesSequentially(TestNG.java:1203)
	at org.testng.TestNG.runSuitesLocally(TestNG.java:1128)
	at org.testng.TestNG.run(TestNG.java:1036)
	at org.testng.remote.RemoteTestNG.run(RemoteTestNG.java:111)
	at org.testng.remote.RemoteTestNG.initAndRun(RemoteTestNG.java:204)
	at org.testng.remote.RemoteTestNG.main(RemoteTestNG.java:175)
]]>
    </failure>
  </testcase> <!-- test_subtract__RelativeTime_time__25 -->
  <testcase name="test_add__RelativeTime_time__RelativeTime_dest__50" time="0.001" classname="jml.javax.safetycritical.RelativeTime_JML_Test"/>
  <testcase name="test_add__long_millis__int_nanos__0" time="0.009" classname="jml.javax.safetycritical.RelativeTime_JML_Test"/>
  <testcase name="test_add__long_millis__int_nanos__RelativeTime_dest__25" time="0.005" classname="jml.javax.safetycritical.RelativeTime_JML_Test"/>
  <testcase name="test_add__long_millis__int_nanos__RelativeTime_dest__25" time="0.001" classname="jml.javax.safetycritical.RelativeTime_JML_Test"/>
  <testcase name="test_add__RelativeTime_time__RelativeTime_dest__50" time="0.001" classname="jml.javax.safetycritical.RelativeTime_JML_Test"/>
  <testcase name="test_add__long_millis__int_nanos__0" time="0.001" classname="jml.javax.safetycritical.RelativeTime_JML_Test"/>
  <testcase name="test_add__long_millis__int_nanos__RelativeTime_dest__25" time="0.000" classname="jml.javax.safetycritical.RelativeTime_JML_Test"/>
  <testcase name="test_add__long_millis__int_nanos__RelativeTime_dest__25" time="0.003" classname="jml.javax.safetycritical.RelativeTime_JML_Test"/>
  <testcase name="test_add__long_millis__int_nanos__RelativeTime_dest__25" time="0.001" classname="jml.javax.safetycritical.RelativeTime_JML_Test"/>
  <testcase name="test_add__long_millis__int_nanos__RelativeTime_dest__25" time="0.000" classname="jml.javax.safetycritical.RelativeTime_JML_Test"/>
  <testcase name="test_add__long_millis__int_nanos__RelativeTime_dest__25" time="0.000" classname="jml.javax.safetycritical.RelativeTime_JML_Test"/>
  <testcase name="test_add__long_millis__int_nanos__RelativeTime_dest__25" time="0.000" classname="jml.javax.safetycritical.RelativeTime_JML_Test"/>
  <testcase name="test_subtract__RelativeTime_time__RelativeTime_dest__50" time="0.000" classname="jml.javax.safetycritical.RelativeTime_JML_Test"/>
  <testcase name="test_add__long_millis__int_nanos__RelativeTime_dest__25" time="0.000" classname="jml.javax.safetycritical.RelativeTime_JML_Test"/>
  <testcase name="test_add__long_millis__int_nanos__0" time="0.001" classname="jml.javax.safetycritical.RelativeTime_JML_Test"/>
  <testcase name="test_add__RelativeTime_time__RelativeTime_dest__50" time="0.000" classname="jml.javax.safetycritical.RelativeTime_JML_Test"/>
  <testcase name="test_add__long_millis__int_nanos__RelativeTime_dest__25" time="0.001" classname="jml.javax.safetycritical.RelativeTime_JML_Test"/>
  <testcase name="test_add__long_millis__int_nanos__RelativeTime_dest__25" time="0.002" classname="jml.javax.safetycritical.RelativeTime_JML_Test"/>
  <testcase name="test_add__long_millis__int_nanos__RelativeTime_dest__25" time="0.000" classname="jml.javax.safetycritical.RelativeTime_JML_Test"/>
  <testcase name="test_add__RelativeTime_time__25" time="0.001" classname="jml.javax.safetycritical.RelativeTime_JML_Test"/>
  <testcase name="test_add__RelativeTime_time__RelativeTime_dest__50" time="0.001" classname="jml.javax.safetycritical.RelativeTime_JML_Test"/>
  <testcase name="test_add__RelativeTime_time__25" time="0.004" classname="jml.javax.safetycritical.RelativeTime_JML_Test"/>
  <testcase name="test_add__long_millis__int_nanos__RelativeTime_dest__25" time="0.000" classname="jml.javax.safetycritical.RelativeTime_JML_Test"/>
  <testcase name="test_add__long_millis__int_nanos__0" time="0.001" classname="jml.javax.safetycritical.RelativeTime_JML_Test"/>
  <testcase name="test_add__RelativeTime_time__RelativeTime_dest__50" time="0.000" classname="jml.javax.safetycritical.RelativeTime_JML_Test"/>
  <testcase name="test_add__RelativeTime_time__RelativeTime_dest__50" time="0.000" classname="jml.javax.safetycritical.RelativeTime_JML_Test"/>
  <testcase name="test_add__long_millis__int_nanos__0" time="0.001" classname="jml.javax.safetycritical.RelativeTime_JML_Test"/>
  <testcase name="test_add__long_millis__int_nanos__RelativeTime_dest__25" time="0.001" classname="jml.javax.safetycritical.RelativeTime_JML_Test"/>
  <testcase name="test_add__long_millis__int_nanos__0" time="0.000" classname="jml.javax.safetycritical.RelativeTime_JML_Test"/>
  <testcase name="test_subtract__RelativeTime_time__RelativeTime_dest__50" time="0.001" classname="jml.javax.safetycritical.RelativeTime_JML_Test"/>
  <testcase name="test_add__RelativeTime_time__RelativeTime_dest__50" time="0.001" classname="jml.javax.safetycritical.RelativeTime_JML_Test"/>
  <testcase name="test_add__long_millis__int_nanos__RelativeTime_dest__25" time="0.003" classname="jml.javax.safetycritical.RelativeTime_JML_Test"/>
  <testcase name="test_subtract__RelativeTime_time__25" time="0.000" classname="jml.javax.safetycritical.RelativeTime_JML_Test">
    <failure type="org.jmlspecs.jmlunitng.testng.PreconditionSkipException" message="
By method RelativeTime.subtract
Regarding specifications at
  File &quot;src/jml/javax/safetycritical/RelativeTime.java&quot;, line 246, character 16
">
      <![CDATA[org.jmlspecs.jmlunitng.testng.PreconditionSkipException: 
By method RelativeTime.subtract
Regarding specifications at
  File "src/jml/javax/safetycritical/RelativeTime.java", line 246, character 16

	at jml.javax.safetycritical.RelativeTime_JML_Test.test_subtract__RelativeTime_time__25(RelativeTime_JML_Test.java:281)
	at sun.reflect.NativeMethodAccessorImpl.invoke0(Native Method)
	at sun.reflect.NativeMethodAccessorImpl.invoke(NativeMethodAccessorImpl.java:57)
	at sun.reflect.DelegatingMethodAccessorImpl.invoke(DelegatingMethodAccessorImpl.java:43)
	at java.lang.reflect.Method.invoke(Method.java:601)
	at org.testng.internal.MethodInvocationHelper.invokeMethod(MethodInvocationHelper.java:80)
	at org.testng.internal.Invoker.invokeMethod(Invoker.java:714)
	at org.testng.internal.Invoker.invokeTestMethod(Invoker.java:901)
	at org.testng.internal.Invoker.invokeTestMethods(Invoker.java:1231)
	at org.testng.internal.TestMethodWorker.invokeTestMethods(TestMethodWorker.java:128)
	at org.testng.internal.TestMethodWorker.run(TestMethodWorker.java:111)
	at org.testng.TestRunner.privateRun(TestRunner.java:767)
	at org.testng.TestRunner.run(TestRunner.java:617)
	at org.testng.SuiteRunner.runTest(SuiteRunner.java:334)
	at org.testng.SuiteRunner.runSequentially(SuiteRunner.java:329)
	at org.testng.SuiteRunner.privateRun(SuiteRunner.java:291)
	at org.testng.SuiteRunner.run(SuiteRunner.java:240)
	at org.testng.SuiteRunnerWorker.runSuite(SuiteRunnerWorker.java:52)
	at org.testng.SuiteRunnerWorker.run(SuiteRunnerWorker.java:86)
	at org.testng.TestNG.runSuitesSequentially(TestNG.java:1203)
	at org.testng.TestNG.runSuitesLocally(TestNG.java:1128)
	at org.testng.TestNG.run(TestNG.java:1036)
	at org.testng.remote.RemoteTestNG.run(RemoteTestNG.java:111)
	at org.testng.remote.RemoteTestNG.initAndRun(RemoteTestNG.java:204)
	at org.testng.remote.RemoteTestNG.main(RemoteTestNG.java:175)
]]>
    </failure>
  </testcase> <!-- test_subtract__RelativeTime_time__25 -->
  <testcase name="test_add__long_millis__int_nanos__RelativeTime_dest__25" time="0.000" classname="jml.javax.safetycritical.RelativeTime_JML_Test"/>
  <testcase name="test_add__RelativeTime_time__25" time="0.003" classname="jml.javax.safetycritical.RelativeTime_JML_Test"/>
  <testcase name="test_add__long_millis__int_nanos__RelativeTime_dest__25" time="0.000" classname="jml.javax.safetycritical.RelativeTime_JML_Test"/>
  <testcase name="test_add__long_millis__int_nanos__RelativeTime_dest__25" time="0.000" classname="jml.javax.safetycritical.RelativeTime_JML_Test"/>
  <testcase name="test_add__RelativeTime_time__RelativeTime_dest__50" time="0.000" classname="jml.javax.safetycritical.RelativeTime_JML_Test"/>
  <testcase name="test_add__long_millis__int_nanos__RelativeTime_dest__25" time="0.000" classname="jml.javax.safetycritical.RelativeTime_JML_Test"/>
  <testcase name="test_subtract__RelativeTime_time__RelativeTime_dest__50" time="0.000" classname="jml.javax.safetycritical.RelativeTime_JML_Test"/>
  <testcase name="test_add__long_millis__int_nanos__RelativeTime_dest__25" time="0.000" classname="jml.javax.safetycritical.RelativeTime_JML_Test"/>
  <testcase name="test_add__long_millis__int_nanos__0" time="0.002" classname="jml.javax.safetycritical.RelativeTime_JML_Test"/>
  <testcase name="test_add__long_millis__int_nanos__RelativeTime_dest__25" time="0.001" classname="jml.javax.safetycritical.RelativeTime_JML_Test"/>
  <testcase name="test_subtract__RelativeTime_time__25" time="0.002" classname="jml.javax.safetycritical.RelativeTime_JML_Test">
    <failure type="org.jmlspecs.jmlunitng.testng.PreconditionSkipException" message="
By method RelativeTime.subtract
Regarding specifications at
  File &quot;src/jml/javax/safetycritical/RelativeTime.java&quot;, line 246, character 16
">
      <![CDATA[org.jmlspecs.jmlunitng.testng.PreconditionSkipException: 
By method RelativeTime.subtract
Regarding specifications at
  File "src/jml/javax/safetycritical/RelativeTime.java", line 246, character 16

	at jml.javax.safetycritical.RelativeTime_JML_Test.test_subtract__RelativeTime_time__25(RelativeTime_JML_Test.java:281)
	at sun.reflect.NativeMethodAccessorImpl.invoke0(Native Method)
	at sun.reflect.NativeMethodAccessorImpl.invoke(NativeMethodAccessorImpl.java:57)
	at sun.reflect.DelegatingMethodAccessorImpl.invoke(DelegatingMethodAccessorImpl.java:43)
	at java.lang.reflect.Method.invoke(Method.java:601)
	at org.testng.internal.MethodInvocationHelper.invokeMethod(MethodInvocationHelper.java:80)
	at org.testng.internal.Invoker.invokeMethod(Invoker.java:714)
	at org.testng.internal.Invoker.invokeTestMethod(Invoker.java:901)
	at org.testng.internal.Invoker.invokeTestMethods(Invoker.java:1231)
	at org.testng.internal.TestMethodWorker.invokeTestMethods(TestMethodWorker.java:128)
	at org.testng.internal.TestMethodWorker.run(TestMethodWorker.java:111)
	at org.testng.TestRunner.privateRun(TestRunner.java:767)
	at org.testng.TestRunner.run(TestRunner.java:617)
	at org.testng.SuiteRunner.runTest(SuiteRunner.java:334)
	at org.testng.SuiteRunner.runSequentially(SuiteRunner.java:329)
	at org.testng.SuiteRunner.privateRun(SuiteRunner.java:291)
	at org.testng.SuiteRunner.run(SuiteRunner.java:240)
	at org.testng.SuiteRunnerWorker.runSuite(SuiteRunnerWorker.java:52)
	at org.testng.SuiteRunnerWorker.run(SuiteRunnerWorker.java:86)
	at org.testng.TestNG.runSuitesSequentially(TestNG.java:1203)
	at org.testng.TestNG.runSuitesLocally(TestNG.java:1128)
	at org.testng.TestNG.run(TestNG.java:1036)
	at org.testng.remote.RemoteTestNG.run(RemoteTestNG.java:111)
	at org.testng.remote.RemoteTestNG.initAndRun(RemoteTestNG.java:204)
	at org.testng.remote.RemoteTestNG.main(RemoteTestNG.java:175)
]]>
    </failure>
  </testcase> <!-- test_subtract__RelativeTime_time__25 -->
  <testcase name="test_add__RelativeTime_time__RelativeTime_dest__50" time="0.001" classname="jml.javax.safetycritical.RelativeTime_JML_Test"/>
  <testcase name="test_add__long_millis__int_nanos__0" time="0.001" classname="jml.javax.safetycritical.RelativeTime_JML_Test"/>
  <testcase name="test_add__long_millis__int_nanos__RelativeTime_dest__25" time="0.000" classname="jml.javax.safetycritical.RelativeTime_JML_Test"/>
  <testcase name="test_add__RelativeTime_time__RelativeTime_dest__50" time="0.001" classname="jml.javax.safetycritical.RelativeTime_JML_Test"/>
  <testcase name="test_add__long_millis__int_nanos__RelativeTime_dest__25" time="0.002" classname="jml.javax.safetycritical.RelativeTime_JML_Test"/>
  <testcase name="test_add__long_millis__int_nanos__RelativeTime_dest__25" time="0.001" classname="jml.javax.safetycritical.RelativeTime_JML_Test"/>
  <testcase name="test_add__long_millis__int_nanos__RelativeTime_dest__25" time="0.001" classname="jml.javax.safetycritical.RelativeTime_JML_Test"/>
  <testcase name="test_add__long_millis__int_nanos__RelativeTime_dest__25" time="0.000" classname="jml.javax.safetycritical.RelativeTime_JML_Test"/>
  <testcase name="test_add__long_millis__int_nanos__0" time="0.000" classname="jml.javax.safetycritical.RelativeTime_JML_Test"/>
  <testcase name="test_add__RelativeTime_time__25" time="0.006" classname="jml.javax.safetycritical.RelativeTime_JML_Test"/>
  <testcase name="test_subtract__RelativeTime_time__RelativeTime_dest__50" time="0.000" classname="jml.javax.safetycritical.RelativeTime_JML_Test"/>
  <testcase name="test_add__RelativeTime_time__RelativeTime_dest__50" time="0.000" classname="jml.javax.safetycritical.RelativeTime_JML_Test"/>
  <testcase name="test_add__long_millis__int_nanos__RelativeTime_dest__25" time="0.000" classname="jml.javax.safetycritical.RelativeTime_JML_Test"/>
  <testcase name="test_add__long_millis__int_nanos__RelativeTime_dest__25" time="0.003" classname="jml.javax.safetycritical.RelativeTime_JML_Test"/>
  <testcase name="test_add__long_millis__int_nanos__RelativeTime_dest__25" time="0.000" classname="jml.javax.safetycritical.RelativeTime_JML_Test"/>
  <testcase name="test_subtract__RelativeTime_time__RelativeTime_dest__50" time="0.000" classname="jml.javax.safetycritical.RelativeTime_JML_Test"/>
  <testcase name="test_add__RelativeTime_time__RelativeTime_dest__50" time="0.001" classname="jml.javax.safetycritical.RelativeTime_JML_Test"/>
  <testcase name="test_add__long_millis__int_nanos__0" time="0.004" classname="jml.javax.safetycritical.RelativeTime_JML_Test"/>
  <testcase name="test_add__RelativeTime_time__25" time="0.006" classname="jml.javax.safetycritical.RelativeTime_JML_Test"/>
</testsuite> <!-- jml.javax.safetycritical.RelativeTime_JML_Test -->
